<?xml version="1.0" encoding="UTF-8"?>
<!-- Generated by org.testng.reporters.JUnitReportReporter -->
<testsuite hostname="DESKTOP-F84T4QD" failures="0" tests="2" name="DilpreetSinghLearningFramework.tests.SubmitOrderTest" time="15.386" errors="0" timestamp="2024-01-16T02:55:02 IST" skipped="0">
  <testcase classname="DilpreetSinghLearningFramework.tests.SubmitOrderTest" name="submitOrder" time="7.656"/>
  <testcase classname="DilpreetSinghLearningFramework.tests.SubmitOrderTest" name="submitOrder" time="7.730"/>
</testsuite> <!-- DilpreetSinghLearningFramework.tests.SubmitOrderTest -->
