<?xml version="1.0" encoding="UTF-8"?>
<!-- Generated by org.testng.reporters.JUnitReportReporter -->
<testsuite hostname="DESKTOP-F84T4QD" failures="0" tests="2" name="DilpreetSinghLearningFramework.tests.errorValidation" time="7.926" errors="0" timestamp="2024-01-08T12:40:34 IST" skipped="0">
  <testcase classname="DilpreetSinghLearningFramework.tests.errorValidation" name="ProducterrorValidation" time="4.176"/>
  <testcase classname="DilpreetSinghLearningFramework.tests.errorValidation" name="LoginerrorValidation" time="3.750"/>
</testsuite> <!-- DilpreetSinghLearningFramework.tests.errorValidation -->
