<?xml version="1.0" encoding="UTF-8"?>
<!-- Generated by org.testng.reporters.JUnitReportReporter -->
<testsuite hostname="DESKTOP-F84T4QD" failures="0" tests="1" name="cucumber.TestNGTestRunner" time="5.447" errors="0" timestamp="2024-01-23T12:27:02 IST" skipped="0">
  <testcase classname="cucumber.TestNGTestRunner" name="runScenario" time="5.447"/>
</testsuite> <!-- cucumber.TestNGTestRunner -->
