<?xml version="1.0" encoding="UTF-8"?>
<!-- Generated by org.testng.reporters.JUnitReportReporter -->
<testsuite hostname="DESKTOP-F84T4QD" failures="0" tests="1" name="DilpreetSinghLearningFramework.tests.SubmitOrder" time="9.275" errors="0" timestamp="2024-01-08T12:40:34 IST" skipped="0">
  <testcase classname="DilpreetSinghLearningFramework.tests.SubmitOrder" name="submitOrder" time="9.275"/>
</testsuite> <!-- DilpreetSinghLearningFramework.tests.SubmitOrder -->
