<?xml version="1.0" encoding="UTF-8"?>
<!-- Generated by org.testng.reporters.JUnitReportReporter -->
<testsuite hostname="DESKTOP-F84T4QD" failures="0" tests="3" name="DilpreetSinghLearningFramework.tests.SubmitOrderTest" time="31.004" errors="0" timestamp="2024-02-17T22:15:17 IST" skipped="0">
  <testcase classname="DilpreetSinghLearningFramework.tests.SubmitOrderTest" name="submitOrder" time="12.136"/>
  <testcase classname="DilpreetSinghLearningFramework.tests.SubmitOrderTest" name="OrderHistoryTest" time="8.453"/>
  <testcase classname="DilpreetSinghLearningFramework.tests.SubmitOrderTest" name="submitOrder" time="10.415"/>
</testsuite> <!-- DilpreetSinghLearningFramework.tests.SubmitOrderTest -->
