<?xml version="1.0" encoding="UTF-8"?>
<!-- Generated by org.testng.reporters.JUnitReportReporter -->
<testsuite hostname="DESKTOP-F84T4QD" failures="0" tests="2" name="DilpreetSinghLearningFramework.tests.errorValidationTest" time="15.296" errors="0" timestamp="2024-02-17T22:15:17 IST" skipped="0">
  <testcase classname="DilpreetSinghLearningFramework.tests.errorValidationTest" name="ProducterrorValidation" time="6.292"/>
  <testcase classname="DilpreetSinghLearningFramework.tests.errorValidationTest" name="LoginerrorValidation" time="9.004"/>
</testsuite> <!-- DilpreetSinghLearningFramework.tests.errorValidationTest -->
